Running: /opt/Xilinx/14.7/ISE_DS/ISE/bin/lin64/unwrapped/fuse -intstyle ise -incremental -o /home/ise/Xilinx/TRANSMISOR_OFDM/tb_PPDU_isim_beh.exe -prj /home/ise/Xilinx/TRANSMISOR_OFDM/tb_PPDU_beh.prj work.tb_PPDU 
ISim P.20131013 (signature 0xfbc00daa)
Number of CPUs detected in this system: 1
Turning on mult-threading, number of parallel sub-compilation jobs: 0 
Determining compilation order of HDL files
Parsing VHDL file "/home/ise/Xilinx/TRANSMISOR_OFDM/ipcore_dir/ROM.vhd" into library work
Parsing VHDL file "/home/ise/Xilinx/TRANSMISOR_OFDM/div_frec.vhd" into library work
Parsing VHDL file "/home/ise/Xilinx/TRANSMISOR_OFDM/PPDU.vhd" into library work
Parsing VHDL file "/home/ise/Xilinx/TRANSMISOR_OFDM/tb_PPDU.vhd" into library work
Starting static elaboration
Completed static elaboration
Fuse Memory Usage: 101640 KB
Fuse CPU Usage: 1450 ms
Compiling package standard
Compiling package std_logic_1164
Compiling package numeric_std
Compiling package std_logic_arith
Compiling package std_logic_unsigned
Compiling package textio
Compiling package std_logic_textio
Compiling architecture output_stage_behavioral of entity BLK_MEM_GEN_V7_3_output_stage [\BLK_MEM_GEN_V7_3_output_stage("...]
Compiling architecture output_stage_behavioral of entity BLK_MEM_GEN_V7_3_output_stage [\BLK_MEM_GEN_V7_3_output_stage("...]
Compiling architecture softecc_output_reg_stage_behavioral of entity BLK_MEM_GEN_V7_3_softecc_output_reg_stage [\BLK_MEM_GEN_V7_3_softecc_output...]
Compiling architecture mem_module_behavioral of entity BLK_MEM_GEN_V7_3_mem_module [\BLK_MEM_GEN_V7_3_mem_module("bl...]
Compiling architecture behavioral of entity BLK_MEM_GEN_V7_3 [\BLK_MEM_GEN_V7_3("blk_mem_gen_v...]
Compiling architecture rom_a of entity ROM [rom_default]
Compiling architecture div_frec_arq of entity div_frec [\div_frec(10)\]
Compiling architecture ppdu_arq of entity PPDU [ppdu_default]
Compiling architecture behavior of entity tb_ppdu
Time Resolution for simulation is 1ps.
Compiled 24 VHDL Units
Built simulation executable /home/ise/Xilinx/TRANSMISOR_OFDM/tb_PPDU_isim_beh.exe
Fuse Memory Usage: 124824 KB
Fuse CPU Usage: 1910 ms
GCC CPU Usage: 1080 ms
