ISim log file
Running: /home/ise/Xilinx/TRANSMISOR_OFDM/Tb_Transmisor_isim_beh.exe -intstyle ise -gui -tclbatch isim.cmd -wdb /home/ise/Xilinx/TRANSMISOR_OFDM/Tb_Transmisor_isim_beh.wdb 
ISim P.20131013 (signature 0xfbc00daa)
----------------------------------------------------------------------
WARNING:Security:42 - Your software subscription period has lapsed. Your current version of Xilinx tools will continue to function, but you no longer qualify for Xilinx software updates or new releases.


----------------------------------------------------------------------
This is a Full version of ISim.
Time resolution is 1 ps
# onerror resume
# wave add /
# run 1000 ns
Simulator is doing circuit initialization process.
at 0 ps, Instance /tb_transmisor/uut/Inst_ppd_fec_scrambler_interleaver/Inst_PPDU_fec_scrambler/Inst_PPDU_fec/Inst_PPDU/DIV/ : Warning: NUMERIC_STD."=": metavalue detected, returning FALSE
Finished circuit initialization process.
at 420 ns(1), Instance /tb_transmisor/uut/Inst_ppd_fec_scrambler_interleaver/Inst_interleaver/MI_Ram_Interleaver/U0/native_mem_module/mem_module/ : Warning: blk_mem_gen_v7_3 WARNING: collision detected: A write address: 000000000, B read address: 000000000

at 425 ns(1): Note: Block Memory Generator CORE Generator module is using a behavioral model FOR simulation which will not precisely model memory collision behavior. (/tb_transmisor/uut/Inst_ppd_fec_scrambler_interleaver/Inst_interleaver/MI_Ram_Interleaver/U0/native_mem_module/mem_module/).
at 425 ns(1), Instance /tb_transmisor/uut/Inst_ppd_fec_scrambler_interleaver/Inst_interleaver/MI_Ram_Interleaver/U0/native_mem_module/mem_module/ : Warning: blk_mem_gen_v7_3 WARNING: collision detected: A write address: 000000000, B read address: 000000000

# restart
# run all
Simulator is doing circuit initialization process.
at 0 ps, Instance /tb_transmisor/uut/Inst_ppd_fec_scrambler_interleaver/Inst_PPDU_fec_scrambler/Inst_PPDU_fec/Inst_PPDU/DIV/ : Warning: NUMERIC_STD."=": metavalue detected, returning FALSE
Finished circuit initialization process.
at 420 ns(1), Instance /tb_transmisor/uut/Inst_ppd_fec_scrambler_interleaver/Inst_interleaver/MI_Ram_Interleaver/U0/native_mem_module/mem_module/ : Warning: blk_mem_gen_v7_3 WARNING: collision detected: A write address: 000000000, B read address: 000000000

at 425 ns(1): Note: Block Memory Generator CORE Generator module is using a behavioral model FOR simulation which will not precisely model memory collision behavior. (/tb_transmisor/uut/Inst_ppd_fec_scrambler_interleaver/Inst_interleaver/MI_Ram_Interleaver/U0/native_mem_module/mem_module/).
at 425 ns(1), Instance /tb_transmisor/uut/Inst_ppd_fec_scrambler_interleaver/Inst_interleaver/MI_Ram_Interleaver/U0/native_mem_module/mem_module/ : Warning: blk_mem_gen_v7_3 WARNING: collision detected: A write address: 000000000, B read address: 000000000

at 10415 ns(1): Note: Block Memory Generator CORE Generator module is using a behavioral model FOR simulation which will not precisely model memory collision behavior. (/tb_transmisor/uut/Inst_mapper/ROM/U0/native_mem_module/mem_module/).
Stopped at time : 17845 ns : File "/home/ise/Xilinx/TRANSMISOR_OFDM/div_frec.vhd" Line 72
# restart
# run all
Simulator is doing circuit initialization process.
at 0 ps, Instance /tb_transmisor/uut/Inst_ppd_fec_scrambler_interleaver/Inst_PPDU_fec_scrambler/Inst_PPDU_fec/Inst_PPDU/DIV/ : Warning: NUMERIC_STD."=": metavalue detected, returning FALSE
Finished circuit initialization process.
at 420 ns(1), Instance /tb_transmisor/uut/Inst_ppd_fec_scrambler_interleaver/Inst_interleaver/MI_Ram_Interleaver/U0/native_mem_module/mem_module/ : Warning: blk_mem_gen_v7_3 WARNING: collision detected: A write address: 000000000, B read address: 000000000

at 425 ns(1): Note: Block Memory Generator CORE Generator module is using a behavioral model FOR simulation which will not precisely model memory collision behavior. (/tb_transmisor/uut/Inst_ppd_fec_scrambler_interleaver/Inst_interleaver/MI_Ram_Interleaver/U0/native_mem_module/mem_module/).
at 425 ns(1), Instance /tb_transmisor/uut/Inst_ppd_fec_scrambler_interleaver/Inst_interleaver/MI_Ram_Interleaver/U0/native_mem_module/mem_module/ : Warning: blk_mem_gen_v7_3 WARNING: collision detected: A write address: 000000000, B read address: 000000000

at 10415 ns(1): Note: Block Memory Generator CORE Generator module is using a behavioral model FOR simulation which will not precisely model memory collision behavior. (/tb_transmisor/uut/Inst_mapper/ROM/U0/native_mem_module/mem_module/).
at 20760 ns(1), Instance /tb_transmisor/uut/Inst_ppd_fec_scrambler_interleaver/Inst_interleaver/MI_Ram_Interleaver/U0/native_mem_module/mem_module/ : Warning: blk_mem_gen_v7_3 WARNING: collision detected: A write address: 000000000, B read address: 000000000

at 20765 ns(1), Instance /tb_transmisor/uut/Inst_ppd_fec_scrambler_interleaver/Inst_interleaver/MI_Ram_Interleaver/U0/native_mem_module/mem_module/ : Warning: blk_mem_gen_v7_3 WARNING: collision detected: A write address: 000000000, B read address: 000000000

Stopped at time : 26820 ns : File "/home/ise/Xilinx/TRANSMISOR_OFDM/PPDU.vhd" Line 130
# restart
# run all
Simulator is doing circuit initialization process.
at 0 ps, Instance /tb_transmisor/uut/Inst_ppd_fec_scrambler_interleaver/Inst_PPDU_fec_scrambler/Inst_PPDU_fec/Inst_PPDU/DIV/ : Warning: NUMERIC_STD."=": metavalue detected, returning FALSE
Finished circuit initialization process.
at 420 ns(1), Instance /tb_transmisor/uut/Inst_ppd_fec_scrambler_interleaver/Inst_interleaver/MI_Ram_Interleaver/U0/native_mem_module/mem_module/ : Warning: blk_mem_gen_v7_3 WARNING: collision detected: A write address: 000000000, B read address: 000000000

at 425 ns(1): Note: Block Memory Generator CORE Generator module is using a behavioral model FOR simulation which will not precisely model memory collision behavior. (/tb_transmisor/uut/Inst_ppd_fec_scrambler_interleaver/Inst_interleaver/MI_Ram_Interleaver/U0/native_mem_module/mem_module/).
at 425 ns(1), Instance /tb_transmisor/uut/Inst_ppd_fec_scrambler_interleaver/Inst_interleaver/MI_Ram_Interleaver/U0/native_mem_module/mem_module/ : Warning: blk_mem_gen_v7_3 WARNING: collision detected: A write address: 000000000, B read address: 000000000

at 10415 ns(1): Note: Block Memory Generator CORE Generator module is using a behavioral model FOR simulation which will not precisely model memory collision behavior. (/tb_transmisor/uut/Inst_mapper/ROM/U0/native_mem_module/mem_module/).
at 20760 ns(1), Instance /tb_transmisor/uut/Inst_ppd_fec_scrambler_interleaver/Inst_interleaver/MI_Ram_Interleaver/U0/native_mem_module/mem_module/ : Warning: blk_mem_gen_v7_3 WARNING: collision detected: A write address: 000000000, B read address: 000000000

at 20765 ns(1), Instance /tb_transmisor/uut/Inst_ppd_fec_scrambler_interleaver/Inst_interleaver/MI_Ram_Interleaver/U0/native_mem_module/mem_module/ : Warning: blk_mem_gen_v7_3 WARNING: collision detected: A write address: 000000000, B read address: 000000000

Stopped at time : 36635 ns : File "/home/ise/Xilinx/TRANSMISOR_OFDM/tb_Transmisor.vhd" Line 91
# restart
# run all
Simulator is doing circuit initialization process.
at 0 ps, Instance /tb_transmisor/uut/Inst_ppd_fec_scrambler_interleaver/Inst_PPDU_fec_scrambler/Inst_PPDU_fec/Inst_PPDU/DIV/ : Warning: NUMERIC_STD."=": metavalue detected, returning FALSE
Finished circuit initialization process.
at 420 ns(1), Instance /tb_transmisor/uut/Inst_ppd_fec_scrambler_interleaver/Inst_interleaver/MI_Ram_Interleaver/U0/native_mem_module/mem_module/ : Warning: blk_mem_gen_v7_3 WARNING: collision detected: A write address: 000000000, B read address: 000000000

at 425 ns(1): Note: Block Memory Generator CORE Generator module is using a behavioral model FOR simulation which will not precisely model memory collision behavior. (/tb_transmisor/uut/Inst_ppd_fec_scrambler_interleaver/Inst_interleaver/MI_Ram_Interleaver/U0/native_mem_module/mem_module/).
at 425 ns(1), Instance /tb_transmisor/uut/Inst_ppd_fec_scrambler_interleaver/Inst_interleaver/MI_Ram_Interleaver/U0/native_mem_module/mem_module/ : Warning: blk_mem_gen_v7_3 WARNING: collision detected: A write address: 000000000, B read address: 000000000

at 10415 ns(1): Note: Block Memory Generator CORE Generator module is using a behavioral model FOR simulation which will not precisely model memory collision behavior. (/tb_transmisor/uut/Inst_mapper/ROM/U0/native_mem_module/mem_module/).
at 20760 ns(1), Instance /tb_transmisor/uut/Inst_ppd_fec_scrambler_interleaver/Inst_interleaver/MI_Ram_Interleaver/U0/native_mem_module/mem_module/ : Warning: blk_mem_gen_v7_3 WARNING: collision detected: A write address: 000000000, B read address: 000000000

at 20765 ns(1), Instance /tb_transmisor/uut/Inst_ppd_fec_scrambler_interleaver/Inst_interleaver/MI_Ram_Interleaver/U0/native_mem_module/mem_module/ : Warning: blk_mem_gen_v7_3 WARNING: collision detected: A write address: 000000000, B read address: 000000000

Stopped at time : 36310 ns : File "/home/ise/Xilinx/TRANSMISOR_OFDM/tb_Transmisor.vhd" Line 89
# restart
# run all
Simulator is doing circuit initialization process.
at 0 ps, Instance /tb_transmisor/uut/Inst_ppd_fec_scrambler_interleaver/Inst_PPDU_fec_scrambler/Inst_PPDU_fec/Inst_PPDU/DIV/ : Warning: NUMERIC_STD."=": metavalue detected, returning FALSE
Finished circuit initialization process.
at 420 ns(1), Instance /tb_transmisor/uut/Inst_ppd_fec_scrambler_interleaver/Inst_interleaver/MI_Ram_Interleaver/U0/native_mem_module/mem_module/ : Warning: blk_mem_gen_v7_3 WARNING: collision detected: A write address: 000000000, B read address: 000000000

at 425 ns(1): Note: Block Memory Generator CORE Generator module is using a behavioral model FOR simulation which will not precisely model memory collision behavior. (/tb_transmisor/uut/Inst_ppd_fec_scrambler_interleaver/Inst_interleaver/MI_Ram_Interleaver/U0/native_mem_module/mem_module/).
at 425 ns(1), Instance /tb_transmisor/uut/Inst_ppd_fec_scrambler_interleaver/Inst_interleaver/MI_Ram_Interleaver/U0/native_mem_module/mem_module/ : Warning: blk_mem_gen_v7_3 WARNING: collision detected: A write address: 000000000, B read address: 000000000

at 10415 ns(1): Note: Block Memory Generator CORE Generator module is using a behavioral model FOR simulation which will not precisely model memory collision behavior. (/tb_transmisor/uut/Inst_mapper/ROM/U0/native_mem_module/mem_module/).
Stopped at time : 18750 ns : File "/home/ise/Xilinx/TRANSMISOR_OFDM/PPDU.vhd" Line 130
ISim P.20131013 (signature 0xfbc00daa)
----------------------------------------------------------------------
WARNING:Security:42 - Your software subscription period has lapsed. Your current version of Xilinx tools will continue to function, but you no longer qualify for Xilinx software updates or new releases.


----------------------------------------------------------------------
This is a Full version of ISim.
# run 1000 ns
Simulator is doing circuit initialization process.
at 0 ps, Instance /tb_transmisor/uut/Inst_ppd_fec_scrambler_interleaver/Inst_PPDU_fec_scrambler/Inst_PPDU_fec/Inst_PPDU/DIV/ : Warning: NUMERIC_STD."=": metavalue detected, returning FALSE
Finished circuit initialization process.
# run all
at 1220 ns(1), Instance /tb_transmisor/uut/Inst_ppd_fec_scrambler_interleaver/Inst_interleaver/MI_Ram_Interleaver/U0/native_mem_module/mem_module/ : Warning: blk_mem_gen_v7_3 WARNING: collision detected: A write address: 000000000, B read address: 000000000

at 1225 ns(1): Note: Block Memory Generator CORE Generator module is using a behavioral model FOR simulation which will not precisely model memory collision behavior. (/tb_transmisor/uut/Inst_ppd_fec_scrambler_interleaver/Inst_interleaver/MI_Ram_Interleaver/U0/native_mem_module/mem_module/).
at 1225 ns(1), Instance /tb_transmisor/uut/Inst_ppd_fec_scrambler_interleaver/Inst_interleaver/MI_Ram_Interleaver/U0/native_mem_module/mem_module/ : Warning: blk_mem_gen_v7_3 WARNING: collision detected: A write address: 000000000, B read address: 000000000

at 48815 ns(1): Note: Block Memory Generator CORE Generator module is using a behavioral model FOR simulation which will not precisely model memory collision behavior. (/tb_transmisor/uut/Inst_mapper/ROM/U0/native_mem_module/mem_module/).
Stopped at time : 157030 ns : File "/home/ise/Xilinx/TRANSMISOR_OFDM/tb_Transmisor.vhd" Line 89
# restart
# run all
Simulator is doing circuit initialization process.
at 0 ps, Instance /tb_transmisor/uut/Inst_ppd_fec_scrambler_interleaver/Inst_PPDU_fec_scrambler/Inst_PPDU_fec/Inst_PPDU/DIV/ : Warning: NUMERIC_STD."=": metavalue detected, returning FALSE
Finished circuit initialization process.
at 1220 ns(1), Instance /tb_transmisor/uut/Inst_ppd_fec_scrambler_interleaver/Inst_interleaver/MI_Ram_Interleaver/U0/native_mem_module/mem_module/ : Warning: blk_mem_gen_v7_3 WARNING: collision detected: A write address: 000000000, B read address: 000000000

at 1225 ns(1): Note: Block Memory Generator CORE Generator module is using a behavioral model FOR simulation which will not precisely model memory collision behavior. (/tb_transmisor/uut/Inst_ppd_fec_scrambler_interleaver/Inst_interleaver/MI_Ram_Interleaver/U0/native_mem_module/mem_module/).
at 1225 ns(1), Instance /tb_transmisor/uut/Inst_ppd_fec_scrambler_interleaver/Inst_interleaver/MI_Ram_Interleaver/U0/native_mem_module/mem_module/ : Warning: blk_mem_gen_v7_3 WARNING: collision detected: A write address: 000000000, B read address: 000000000

at 48815 ns(1): Note: Block Memory Generator CORE Generator module is using a behavioral model FOR simulation which will not precisely model memory collision behavior. (/tb_transmisor/uut/Inst_mapper/ROM/U0/native_mem_module/mem_module/).
Stopped at time : 55340 ns : File "/home/ise/Xilinx/TRANSMISOR_OFDM/tb_Transmisor.vhd" Line 89
# run all
Stopped at time : 69940 ns : File "/home/ise/Xilinx/TRANSMISOR_OFDM/tb_Transmisor.vhd" Line 89
# exit 0
